Performing C SOURCE FILE Test CMAKE_HAVE_LIBC_PTHREAD failed with the following output:
Change Dir: /home/raz/razuwaikin/workspace/projects/lab07/_builds/CMakeFiles/CMakeTmp

Run Build Command(s):/usr/bin/make cmTC_c9f50/fast && /usr/bin/make -f CMakeFiles/cmTC_c9f50.dir/build.make CMakeFiles/cmTC_c9f50.dir/build
make[1]: вход в каталог «/home/raz/razuwaikin/workspace/projects/lab07/_builds/CMakeFiles/CMakeTmp»
Building C object CMakeFiles/cmTC_c9f50.dir/src.c.o
/usr/bin/cc   -DCMAKE_HAVE_LIBC_PTHREAD   -o CMakeFiles/cmTC_c9f50.dir/src.c.o   -c /home/raz/razuwaikin/workspace/projects/lab07/_builds/CMakeFiles/CMakeTmp/src.c
Linking C executable cmTC_c9f50
/usr/bin/cmake -E cmake_link_script CMakeFiles/cmTC_c9f50.dir/link.txt --verbose=1
/usr/bin/cc  -DCMAKE_HAVE_LIBC_PTHREAD    -rdynamic CMakeFiles/cmTC_c9f50.dir/src.c.o  -o cmTC_c9f50 
/usr/bin/ld: CMakeFiles/cmTC_c9f50.dir/src.c.o: в функции «main»:
src.c:(.text+0x46): неопределённая ссылка на «pthread_create»
/usr/bin/ld: src.c:(.text+0x52): неопределённая ссылка на «pthread_detach»
/usr/bin/ld: src.c:(.text+0x63): неопределённая ссылка на «pthread_join»
collect2: error: ld returned 1 exit status
make[1]: *** [CMakeFiles/cmTC_c9f50.dir/build.make:87: cmTC_c9f50] Ошибка 1
make[1]: выход из каталога «/home/raz/razuwaikin/workspace/projects/lab07/_builds/CMakeFiles/CMakeTmp»
make: *** [Makefile:121: cmTC_c9f50/fast] Ошибка 2


Source file was:
#include <pthread.h>

void* test_func(void* data)
{
  return data;
}

int main(void)
{
  pthread_t thread;
  pthread_create(&thread, NULL, test_func, NULL);
  pthread_detach(thread);
  pthread_join(thread, NULL);
  pthread_atfork(NULL, NULL, NULL);
  pthread_exit(NULL);

  return 0;
}

